<?xml version="1.0" encoding="UTF-8"?>
<!-- Generated by org.testng.reporters.JUnitReportReporter -->
<testsuite hostname="DESKTOP-85G8O45" failures="0" tests="1" name="TestCases.Employee_CreationTest" time="6.911" errors="0" timestamp="2025-08-24T18:35:22 IST" skipped="0">
  <testcase classname="TestCases.Employee_CreationTest" name="EmployeeCreationTestcase" time="6.911"/>
</testsuite> <!-- TestCases.Employee_CreationTest -->
